<?xml version="1.0" encoding="UTF-8"?>
<!-- Generated by org.testng.reporters.JUnitXMLReporter -->
<testsuite ignored="0" hostname="AKA" failures="0" tests="10" name="Test" time="8.041" errors="0" timestamp="2023-05-25T15:10:41 CDT">
  <testcase classname="api.test.UserTests" name="testPostUser" time="2.441"/>
  <testcase classname="api.test.UserTests" name="testGetUserByName" time="0.299"/>
  <testcase classname="api.test.UserTests" name="testUpdateUserByName" time="0.521"/>
  <testcase classname="api.test.UserTests" name="testDeleteUserByName" time="0.254"/>
  <testcase classname="api.test.DDtests" name="testPostUser" time="0.285"/>
  <testcase classname="api.test.DDtests" name="testPostUser" time="0.263"/>
  <testcase classname="api.test.DDtests" name="testPostUser" time="0.255"/>
  <testcase classname="api.test.DDtests" name="testDeleteUser" time="0.284"/>
  <testcase classname="api.test.DDtests" name="testDeleteUser" time="0.268"/>
  <testcase classname="api.test.DDtests" name="testDeleteUser" time="0.267"/>
</testsuite> <!-- Test -->
