<?xml version="1.0" encoding="UTF-8"?>
<!-- Generated by org.testng.reporters.JUnitXMLReporter -->
<testsuite ignored="0" hostname="AKA" failures="0" tests="6" name="Default test" time="4.767" errors="0" timestamp="2023-05-24T11:15:36 CDT">
  <testcase classname="api.test.DDtests" name="testPostUser" time="2.083"/>
  <testcase classname="api.test.DDtests" name="testPostUser" time="0.267"/>
  <testcase classname="api.test.DDtests" name="testPostUser" time="0.268"/>
  <testcase classname="api.test.DDtests" name="testDeleteUser" time="0.293"/>
  <testcase classname="api.test.DDtests" name="testDeleteUser" time="0.26"/>
  <testcase classname="api.test.DDtests" name="testDeleteUser" time="0.266"/>
</testsuite> <!-- Default test -->
