<?xml version="1.0" encoding="UTF-8"?>
<testng-results ignored="0" total="10" passed="10" failed="0" skipped="0">
  <reporter-output>
  </reporter-output>
  <suite started-at="2023-05-25T15:10:33 CDT" name="PetStoreSuite" finished-at="2023-05-25T15:10:41 CDT" duration-ms="8041">
    <groups>
    </groups>
    <test started-at="2023-05-25T15:10:33 CDT" name="Test" finished-at="2023-05-25T15:10:41 CDT" duration-ms="8041">
      <class name="api.test.DDtests">
        <test-method signature="testPostUser(java.lang.String,java.lang.String,java.lang.String,java.lang.String,java.lang.String,java.lang.String,java.lang.String)[pri:1, instance:api.test.DDtests@6973b51b]" started-at="2023-05-25T15:10:39 CDT" name="testPostUser" data-provider="Data" finished-at="2023-05-25T15:10:39 CDT" duration-ms="285" status="PASS">
          <params>
            <param index="0">
              <value>
                <![CDATA[1010]]>
              </value>
            </param>
            <param index="1">
              <value>
                <![CDATA[testUser1]]>
              </value>
            </param>
            <param index="2">
              <value>
                <![CDATA[John]]>
              </value>
            </param>
            <param index="3">
              <value>
                <![CDATA[Smith]]>
              </value>
            </param>
            <param index="4">
              <value>
                <![CDATA[Abc123@gmail.com]]>
              </value>
            </param>
            <param index="5">
              <value>
                <![CDATA[test@123]]>
              </value>
            </param>
            <param index="6">
              <value>
                <![CDATA[1234567890]]>
              </value>
            </param>
          </params>
          <reporter-output>
          </reporter-output>
        </test-method> <!-- testPostUser -->
        <test-method signature="testPostUser(java.lang.String,java.lang.String,java.lang.String,java.lang.String,java.lang.String,java.lang.String,java.lang.String)[pri:1, instance:api.test.DDtests@6973b51b]" started-at="2023-05-25T15:10:39 CDT" name="testPostUser" data-provider="Data" finished-at="2023-05-25T15:10:40 CDT" duration-ms="263" status="PASS">
          <params>
            <param index="0">
              <value>
                <![CDATA[1020]]>
              </value>
            </param>
            <param index="1">
              <value>
                <![CDATA[testUser2]]>
              </value>
            </param>
            <param index="2">
              <value>
                <![CDATA[Kim]]>
              </value>
            </param>
            <param index="3">
              <value>
                <![CDATA[Doe]]>
              </value>
            </param>
            <param index="4">
              <value>
                <![CDATA[xyz123@gmail.com]]>
              </value>
            </param>
            <param index="5">
              <value>
                <![CDATA[xyz@123]]>
              </value>
            </param>
            <param index="6">
              <value>
                <![CDATA[9876543201]]>
              </value>
            </param>
          </params>
          <reporter-output>
          </reporter-output>
        </test-method> <!-- testPostUser -->
        <test-method signature="testPostUser(java.lang.String,java.lang.String,java.lang.String,java.lang.String,java.lang.String,java.lang.String,java.lang.String)[pri:1, instance:api.test.DDtests@6973b51b]" started-at="2023-05-25T15:10:40 CDT" name="testPostUser" data-provider="Data" finished-at="2023-05-25T15:10:40 CDT" duration-ms="255" status="PASS">
          <params>
            <param index="0">
              <value>
                <![CDATA[1030]]>
              </value>
            </param>
            <param index="1">
              <value>
                <![CDATA[testUser3]]>
              </value>
            </param>
            <param index="2">
              <value>
                <![CDATA[Steve]]>
              </value>
            </param>
            <param index="3">
              <value>
                <![CDATA[Jobs]]>
              </value>
            </param>
            <param index="4">
              <value>
                <![CDATA[pqr123@gmail.com]]>
              </value>
            </param>
            <param index="5">
              <value>
                <![CDATA[pqr@123]]>
              </value>
            </param>
            <param index="6">
              <value>
                <![CDATA[1230986541]]>
              </value>
            </param>
          </params>
          <reporter-output>
          </reporter-output>
        </test-method> <!-- testPostUser -->
        <test-method signature="testDeleteUser(java.lang.String)[pri:2, instance:api.test.DDtests@6973b51b]" started-at="2023-05-25T15:10:40 CDT" name="testDeleteUser" data-provider="UserNames" finished-at="2023-05-25T15:10:40 CDT" duration-ms="284" status="PASS">
          <params>
            <param index="0">
              <value>
                <![CDATA[testUser1]]>
              </value>
            </param>
          </params>
          <reporter-output>
          </reporter-output>
        </test-method> <!-- testDeleteUser -->
        <test-method signature="testDeleteUser(java.lang.String)[pri:2, instance:api.test.DDtests@6973b51b]" started-at="2023-05-25T15:10:40 CDT" name="testDeleteUser" data-provider="UserNames" finished-at="2023-05-25T15:10:41 CDT" duration-ms="268" status="PASS">
          <params>
            <param index="0">
              <value>
                <![CDATA[testUser2]]>
              </value>
            </param>
          </params>
          <reporter-output>
          </reporter-output>
        </test-method> <!-- testDeleteUser -->
        <test-method signature="testDeleteUser(java.lang.String)[pri:2, instance:api.test.DDtests@6973b51b]" started-at="2023-05-25T15:10:41 CDT" name="testDeleteUser" data-provider="UserNames" finished-at="2023-05-25T15:10:41 CDT" duration-ms="267" status="PASS">
          <params>
            <param index="0">
              <value>
                <![CDATA[testUser3]]>
              </value>
            </param>
          </params>
          <reporter-output>
          </reporter-output>
        </test-method> <!-- testDeleteUser -->
      </class> <!-- api.test.DDtests -->
      <class name="api.test.UserTests">
        <test-method is-config="true" signature="setUp()[pri:0, instance:api.test.UserTests@20ce78ec]" started-at="2023-05-25T15:10:33 CDT" name="setUp" finished-at="2023-05-25T15:10:34 CDT" duration-ms="765" status="PASS">
          <reporter-output>
          </reporter-output>
        </test-method> <!-- setUp -->
        <test-method signature="testPostUser()[pri:1, instance:api.test.UserTests@20ce78ec]" started-at="2023-05-25T15:10:34 CDT" name="testPostUser" finished-at="2023-05-25T15:10:36 CDT" duration-ms="2441" status="PASS">
          <reporter-output>
          </reporter-output>
        </test-method> <!-- testPostUser -->
        <test-method signature="testGetUserByName()[pri:2, instance:api.test.UserTests@20ce78ec]" started-at="2023-05-25T15:10:36 CDT" name="testGetUserByName" finished-at="2023-05-25T15:10:37 CDT" duration-ms="299" status="PASS">
          <reporter-output>
          </reporter-output>
        </test-method> <!-- testGetUserByName -->
        <test-method signature="testUpdateUserByName()[pri:3, instance:api.test.UserTests@20ce78ec]" started-at="2023-05-25T15:10:37 CDT" name="testUpdateUserByName" finished-at="2023-05-25T15:10:37 CDT" duration-ms="521" status="PASS">
          <reporter-output>
          </reporter-output>
        </test-method> <!-- testUpdateUserByName -->
        <test-method signature="testDeleteUserByName()[pri:4, instance:api.test.UserTests@20ce78ec]" started-at="2023-05-25T15:10:37 CDT" name="testDeleteUserByName" finished-at="2023-05-25T15:10:37 CDT" duration-ms="254" status="PASS">
          <reporter-output>
          </reporter-output>
        </test-method> <!-- testDeleteUserByName -->
      </class> <!-- api.test.UserTests -->
    </test> <!-- Test -->
  </suite> <!-- PetStoreSuite -->
</testng-results>
