<?xml version="1.0" encoding="UTF-8"?>
<testsuite xmlns:xsi="http://www.w3.org/2001/XMLSchema-instance" xsi:noNamespaceSchemaLocation="https://maven.apache.org/surefire/maven-surefire-plugin/xsd/surefire-test-report-3.0.xsd" version="3.0" name="TestSuite" time="9.067" tests="10" errors="0" skipped="0" failures="0">
  <properties>
[...]
</properties>
  <testcase name="testPostUser" classname="api.test.UserTests" time="2.452">
    <system-out><![CDATA[HTTP/1.1 200 OK
Date: Thu, 25 May 2023 20:10:40 GMT
Content-Type: application/json
Transfer-Encoding: chunked
Connection: keep-alive
Access-Control-Allow-Origin: *
Access-Control-Allow-Methods: GET, POST, DELETE, PUT
Access-Control-Allow-Headers: Content-Type, api_key, Authorization
Server: Jetty(9.2.9.v20150224)

{
    "code": 200,
    "type": "unknown",
    "message": "2073640037"
}
]]></system-out>
    <system-err><![CDATA[SLF4J: Failed to load class "org.slf4j.impl.StaticLoggerBinder".
SLF4J: Defaulting to no-operation (NOP) logger implementation
SLF4J: See http://www.slf4j.org/codes.html#StaticLoggerBinder for further details.
]]></system-err>
  </testcase>
  <testcase name="testGetUserByName" classname="api.test.UserTests" time="0.301">
    <system-out><![CDATA[HTTP/1.1 200 OK
Date: Thu, 25 May 2023 20:10:41 GMT
Content-Type: application/json
Transfer-Encoding: chunked
Connection: keep-alive
Access-Control-Allow-Origin: *
Access-Control-Allow-Methods: GET, POST, DELETE, PUT
Access-Control-Allow-Headers: Content-Type, api_key, Authorization
Server: Jetty(9.2.9.v20150224)

{
    "id": 2073640037,
    "username": "mac.walker",
    "firstName": "Napoleon",
    "lastName": "Leffler",
    "email": "florrie.fisher@example.com",
    "password": "3e8i5i",
    "phone": "618.829.5266",
    "userStatus": 0
}
]]></system-out>
  </testcase>
  <testcase name="testUpdateUserByName" classname="api.test.UserTests" time="0.519">
    <system-out><![CDATA[{
    "code": 200,
    "type": "unknown",
    "message": "2073640037"
}
HTTP/1.1 200 OK
Date: Thu, 25 May 2023 20:10:41 GMT
Content-Type: application/json
Transfer-Encoding: chunked
Connection: keep-alive
Access-Control-Allow-Origin: *
Access-Control-Allow-Methods: GET, POST, DELETE, PUT
Access-Control-Allow-Headers: Content-Type, api_key, Authorization
Server: Jetty(9.2.9.v20150224)

{
    "id": 2073640037,
    "username": "mac.walker",
    "firstName": "Jaye",
    "lastName": "Schowalter",
    "email": "lynwood.terry@example.com",
    "password": "3e8i5i",
    "phone": "618.829.5266",
    "userStatus": 0
}
]]></system-out>
  </testcase>
  <testcase name="testDeleteUserByName" classname="api.test.UserTests" time="0.255"/>
  <testcase name="testPostUser[1010, testUser1, John, Smith, Abc123@gmail.com, test@123, 1234567890](1)" classname="api.test.DDtests" time="0.286"/>
  <testcase name="testPostUser[1020, testUser2, Kim, Doe, xyz123@gmail.com, xyz@123, 9876543201](2)" classname="api.test.DDtests" time="0.265"/>
  <testcase name="testPostUser[1030, testUser3, Steve, Jobs, pqr123@gmail.com, pqr@123, 1230986541](3)" classname="api.test.DDtests" time="0.257"/>
  <testcase name="testDeleteUser[testUser1](1)" classname="api.test.DDtests" time="0.284"/>
  <testcase name="testDeleteUser[testUser2](2)" classname="api.test.DDtests" time="0.269"/>
  <testcase name="testDeleteUser[testUser3](3)" classname="api.test.DDtests" time="0.268"/>
</testsuite>