<?xml version="1.0" encoding="UTF-8"?>
<testng-results ignored="0" total="10" passed="10" failed="0" skipped="0">
  <reporter-output>
  </reporter-output>
  <suite started-at="2023-05-24T17:01:51 CDT" name="PetStoreSuite" finished-at="2023-05-24T17:01:58 CDT" duration-ms="6901">
    <groups>
    </groups>
    <test started-at="2023-05-24T17:01:51 CDT" name="Test" finished-at="2023-05-24T17:01:58 CDT" duration-ms="6901">
      <class name="api.test.DDtests">
        <test-method signature="testPostUser(java.lang.String,java.lang.String,java.lang.String,java.lang.String,java.lang.String,java.lang.String,java.lang.String)[pri:1, instance:api.test.DDtests@4550bb58]" started-at="2023-05-24T17:01:56 CDT" name="testPostUser" data-provider="Data" finished-at="2023-05-24T17:01:56 CDT" duration-ms="274" status="PASS">
          <params>
            <param index="0">
              <value>
                <![CDATA[1010]]>
              </value>
            </param>
            <param index="1">
              <value>
                <![CDATA[testUser1]]>
              </value>
            </param>
            <param index="2">
              <value>
                <![CDATA[John]]>
              </value>
            </param>
            <param index="3">
              <value>
                <![CDATA[Smith]]>
              </value>
            </param>
            <param index="4">
              <value>
                <![CDATA[Abc123@gmail.com]]>
              </value>
            </param>
            <param index="5">
              <value>
                <![CDATA[test@123]]>
              </value>
            </param>
            <param index="6">
              <value>
                <![CDATA[1234567890]]>
              </value>
            </param>
          </params>
          <reporter-output>
          </reporter-output>
        </test-method> <!-- testPostUser -->
        <test-method signature="testPostUser(java.lang.String,java.lang.String,java.lang.String,java.lang.String,java.lang.String,java.lang.String,java.lang.String)[pri:1, instance:api.test.DDtests@4550bb58]" started-at="2023-05-24T17:01:56 CDT" name="testPostUser" data-provider="Data" finished-at="2023-05-24T17:01:57 CDT" duration-ms="256" status="PASS">
          <params>
            <param index="0">
              <value>
                <![CDATA[1020]]>
              </value>
            </param>
            <param index="1">
              <value>
                <![CDATA[testUser2]]>
              </value>
            </param>
            <param index="2">
              <value>
                <![CDATA[Kim]]>
              </value>
            </param>
            <param index="3">
              <value>
                <![CDATA[Doe]]>
              </value>
            </param>
            <param index="4">
              <value>
                <![CDATA[xyz123@gmail.com]]>
              </value>
            </param>
            <param index="5">
              <value>
                <![CDATA[xyz@123]]>
              </value>
            </param>
            <param index="6">
              <value>
                <![CDATA[9876543201]]>
              </value>
            </param>
          </params>
          <reporter-output>
          </reporter-output>
        </test-method> <!-- testPostUser -->
        <test-method signature="testPostUser(java.lang.String,java.lang.String,java.lang.String,java.lang.String,java.lang.String,java.lang.String,java.lang.String)[pri:1, instance:api.test.DDtests@4550bb58]" started-at="2023-05-24T17:01:57 CDT" name="testPostUser" data-provider="Data" finished-at="2023-05-24T17:01:57 CDT" duration-ms="261" status="PASS">
          <params>
            <param index="0">
              <value>
                <![CDATA[1030]]>
              </value>
            </param>
            <param index="1">
              <value>
                <![CDATA[testUser3]]>
              </value>
            </param>
            <param index="2">
              <value>
                <![CDATA[Steve]]>
              </value>
            </param>
            <param index="3">
              <value>
                <![CDATA[Jobs]]>
              </value>
            </param>
            <param index="4">
              <value>
                <![CDATA[pqr123@gmail.com]]>
              </value>
            </param>
            <param index="5">
              <value>
                <![CDATA[pqr@123]]>
              </value>
            </param>
            <param index="6">
              <value>
                <![CDATA[1230986541]]>
              </value>
            </param>
          </params>
          <reporter-output>
          </reporter-output>
        </test-method> <!-- testPostUser -->
        <test-method signature="testDeleteUser(java.lang.String)[pri:2, instance:api.test.DDtests@4550bb58]" started-at="2023-05-24T17:01:57 CDT" name="testDeleteUser" data-provider="UserNames" finished-at="2023-05-24T17:01:57 CDT" duration-ms="266" status="PASS">
          <params>
            <param index="0">
              <value>
                <![CDATA[testUser1]]>
              </value>
            </param>
          </params>
          <reporter-output>
          </reporter-output>
        </test-method> <!-- testDeleteUser -->
        <test-method signature="testDeleteUser(java.lang.String)[pri:2, instance:api.test.DDtests@4550bb58]" started-at="2023-05-24T17:01:57 CDT" name="testDeleteUser" data-provider="UserNames" finished-at="2023-05-24T17:01:58 CDT" duration-ms="263" status="PASS">
          <params>
            <param index="0">
              <value>
                <![CDATA[testUser2]]>
              </value>
            </param>
          </params>
          <reporter-output>
          </reporter-output>
        </test-method> <!-- testDeleteUser -->
        <test-method signature="testDeleteUser(java.lang.String)[pri:2, instance:api.test.DDtests@4550bb58]" started-at="2023-05-24T17:01:58 CDT" name="testDeleteUser" data-provider="UserNames" finished-at="2023-05-24T17:01:58 CDT" duration-ms="261" status="PASS">
          <params>
            <param index="0">
              <value>
                <![CDATA[testUser3]]>
              </value>
            </param>
          </params>
          <reporter-output>
          </reporter-output>
        </test-method> <!-- testDeleteUser -->
      </class> <!-- api.test.DDtests -->
      <class name="api.test.UserTests">
        <test-method is-config="true" signature="setUp()[pri:0, instance:api.test.UserTests@131774fe]" started-at="2023-05-24T17:01:51 CDT" name="setUp" finished-at="2023-05-24T17:01:52 CDT" duration-ms="641" status="PASS">
          <reporter-output>
          </reporter-output>
        </test-method> <!-- setUp -->
        <test-method signature="testPostUser()[pri:1, instance:api.test.UserTests@131774fe]" started-at="2023-05-24T17:01:52 CDT" name="testPostUser" finished-at="2023-05-24T17:01:54 CDT" duration-ms="2216" status="PASS">
          <reporter-output>
          </reporter-output>
        </test-method> <!-- testPostUser -->
        <test-method signature="testGetUserByName()[pri:2, instance:api.test.UserTests@131774fe]" started-at="2023-05-24T17:01:54 CDT" name="testGetUserByName" finished-at="2023-05-24T17:01:54 CDT" duration-ms="289" status="PASS">
          <reporter-output>
          </reporter-output>
        </test-method> <!-- testGetUserByName -->
        <test-method signature="testUpdateUserByName()[pri:3, instance:api.test.UserTests@131774fe]" started-at="2023-05-24T17:01:54 CDT" name="testUpdateUserByName" finished-at="2023-05-24T17:01:55 CDT" duration-ms="530" status="PASS">
          <reporter-output>
          </reporter-output>
        </test-method> <!-- testUpdateUserByName -->
        <test-method signature="testDeleteUserByName()[pri:4, instance:api.test.UserTests@131774fe]" started-at="2023-05-24T17:01:55 CDT" name="testDeleteUserByName" finished-at="2023-05-24T17:01:55 CDT" duration-ms="258" status="PASS">
          <reporter-output>
          </reporter-output>
        </test-method> <!-- testDeleteUserByName -->
      </class> <!-- api.test.UserTests -->
    </test> <!-- Test -->
  </suite> <!-- PetStoreSuite -->
</testng-results>
