<?xml version="1.0" encoding="UTF-8"?>
<!-- Generated by org.testng.reporters.JUnitXMLReporter -->
<testsuite ignored="0" hostname="AKA" failures="0" tests="10" name="Test" time="6.901" errors="0" timestamp="2023-05-24T17:01:58 CDT">
  <testcase classname="api.test.UserTests" name="testPostUser" time="2.216"/>
  <testcase classname="api.test.UserTests" name="testGetUserByName" time="0.289"/>
  <testcase classname="api.test.UserTests" name="testUpdateUserByName" time="0.53"/>
  <testcase classname="api.test.UserTests" name="testDeleteUserByName" time="0.258"/>
  <testcase classname="api.test.DDtests" name="testPostUser" time="0.274"/>
  <testcase classname="api.test.DDtests" name="testPostUser" time="0.256"/>
  <testcase classname="api.test.DDtests" name="testPostUser" time="0.261"/>
  <testcase classname="api.test.DDtests" name="testDeleteUser" time="0.266"/>
  <testcase classname="api.test.DDtests" name="testDeleteUser" time="0.263"/>
  <testcase classname="api.test.DDtests" name="testDeleteUser" time="0.261"/>
</testsuite> <!-- Test -->
